<?xml version="1.0" encoding="UTF-8"?>
<!-- Generated by org.testng.reporters.JUnitXMLReporter -->
<testsuite ignored="2" hostname="LAPTOP-UNO4ULJI" failures="0" tests="4" name="Default test" time="13.539" errors="0" timestamp="2022-11-16T12:27:18 IST">
  <testcase classname="TestCases.LoginPageTest" name="verifyurlTest" time="0.932"/>
  <testcase classname="TestCases.LoginPageTest" name="verifybotLogoTest" time="0.067"/>
  <testcase classname="TestCases.LoginPageTest" name="verifyTitleTest" time="0.01"/>
  <testcase classname="TestCases.LoginPageTest" name="verifyloginLogoTest" time="0.053"/>
  <testcase classname="TestCases.LoginPageTest" name="loginToApp2Test" time="0.0">
    <ignored/>
  </testcase> <!-- loginToApp2Test -->
  <testcase classname="TestCases.LoginPageTest" name="loginToAppTest" time="0.0">
    <ignored/>
  </testcase> <!-- loginToAppTest -->
</testsuite> <!-- Default test -->
