<?xml version="1.0" encoding="UTF-8"?>
<!-- Generated by org.testng.reporters.JUnitXMLReporter -->
<testsuite ignored="4" hostname="LAPTOP-UNO4ULJI" failures="0" tests="2" name="Test" time="11.593" errors="0" timestamp="2022-11-16T12:24:43 IST">
  <testcase classname="TestCases.GroupTest" name="loginToAppTest" time="1.388"/>
  <testcase classname="TestCases.GroupTest" name="verifyurlTest" time="0.032"/>
  <testcase classname="TestCases.GroupTest" name="verifyloginLogoTest" time="0.0">
    <ignored/>
  </testcase> <!-- verifyloginLogoTest -->
  <testcase classname="TestCases.GroupTest" name="loginToApp2Test" time="0.0">
    <ignored/>
  </testcase> <!-- loginToApp2Test -->
  <testcase classname="TestCases.GroupTest" name="verifyTitleTest" time="0.0">
    <ignored/>
  </testcase> <!-- verifyTitleTest -->
  <testcase classname="TestCases.GroupTest" name="verifybotLogoTest" time="0.0">
    <ignored/>
  </testcase> <!-- verifybotLogoTest -->
</testsuite> <!-- Test -->
